<?xml version="1.0" encoding="UTF-8"?>
<testsuite xmlns:xsi="http://www.w3.org/2001/XMLSchema-instance" xsi:noNamespaceSchemaLocation="https://maven.apache.org/surefire/maven-surefire-plugin/xsd/surefire-test-report.xsd" name="testRunner.TestRunner" time="107.036" tests="0" errors="0" skipped="0" failures="0">
  <properties>
    <property name="gopherProxySet" value="false"/>
    <property name="awt.toolkit" value="sun.lwawt.macosx.LWCToolkit"/>
    <property name="java.specification.version" value="11"/>
    <property name="sun.cpu.isalist" value=""/>
    <property name="sun.jnu.encoding" value="UTF-8"/>
    <property name="java.class.path" value="/Users/shailyjaiswal/Desktop/classWorkspace/HealthCareCucumberFrameworkFirst/target/test-classes:/Users/shailyjaiswal/Desktop/classWorkspace/HealthCareCucumberFrameworkFirst/target/classes:/Users/shailyjaiswal/.m2/repository/org/seleniumhq/selenium/selenium-java/3.12.0/selenium-java-3.12.0.jar:/Users/shailyjaiswal/.m2/repository/org/seleniumhq/selenium/selenium-api/3.12.0/selenium-api-3.12.0.jar:/Users/shailyjaiswal/.m2/repository/org/seleniumhq/selenium/selenium-chrome-driver/3.12.0/selenium-chrome-driver-3.12.0.jar:/Users/shailyjaiswal/.m2/repository/org/seleniumhq/selenium/selenium-edge-driver/3.12.0/selenium-edge-driver-3.12.0.jar:/Users/shailyjaiswal/.m2/repository/org/seleniumhq/selenium/selenium-firefox-driver/3.12.0/selenium-firefox-driver-3.12.0.jar:/Users/shailyjaiswal/.m2/repository/org/seleniumhq/selenium/selenium-ie-driver/3.12.0/selenium-ie-driver-3.12.0.jar:/Users/shailyjaiswal/.m2/repository/org/seleniumhq/selenium/selenium-opera-driver/3.12.0/selenium-opera-driver-3.12.0.jar:/Users/shailyjaiswal/.m2/repository/org/seleniumhq/selenium/selenium-remote-driver/3.12.0/selenium-remote-driver-3.12.0.jar:/Users/shailyjaiswal/.m2/repository/org/seleniumhq/selenium/selenium-safari-driver/3.12.0/selenium-safari-driver-3.12.0.jar:/Users/shailyjaiswal/.m2/repository/org/seleniumhq/selenium/selenium-support/3.12.0/selenium-support-3.12.0.jar:/Users/shailyjaiswal/.m2/repository/net/bytebuddy/byte-buddy/1.8.3/byte-buddy-1.8.3.jar:/Users/shailyjaiswal/.m2/repository/org/apache/commons/commons-exec/1.3/commons-exec-1.3.jar:/Users/shailyjaiswal/.m2/repository/commons-codec/commons-codec/1.10/commons-codec-1.10.jar:/Users/shailyjaiswal/.m2/repository/commons-logging/commons-logging/1.2/commons-logging-1.2.jar:/Users/shailyjaiswal/.m2/repository/com/google/code/gson/gson/2.8.2/gson-2.8.2.jar:/Users/shailyjaiswal/.m2/repository/com/google/guava/guava/23.6-jre/guava-23.6-jre.jar:/Users/shailyjaiswal/.m2/repository/org/checkerframework/checker-compat-qual/2.0.0/checker-compat-qual-2.0.0.jar:/Users/shailyjaiswal/.m2/repository/com/google/errorprone/error_prone_annotations/2.1.3/error_prone_annotations-2.1.3.jar:/Users/shailyjaiswal/.m2/repository/com/google/j2objc/j2objc-annotations/1.1/j2objc-annotations-1.1.jar:/Users/shailyjaiswal/.m2/repository/org/codehaus/mojo/animal-sniffer-annotations/1.14/animal-sniffer-annotations-1.14.jar:/Users/shailyjaiswal/.m2/repository/org/apache/httpcomponents/httpclient/4.5.3/httpclient-4.5.3.jar:/Users/shailyjaiswal/.m2/repository/org/apache/httpcomponents/httpcore/4.4.6/httpcore-4.4.6.jar:/Users/shailyjaiswal/.m2/repository/com/squareup/okhttp3/okhttp/3.9.1/okhttp-3.9.1.jar:/Users/shailyjaiswal/.m2/repository/com/squareup/okio/okio/1.13.0/okio-1.13.0.jar:/Users/shailyjaiswal/.m2/repository/io/cucumber/cucumber-java/6.11.0/cucumber-java-6.11.0.jar:/Users/shailyjaiswal/.m2/repository/io/cucumber/cucumber-core/6.11.0/cucumber-core-6.11.0.jar:/Users/shailyjaiswal/.m2/repository/io/cucumber/cucumber-gherkin/6.11.0/cucumber-gherkin-6.11.0.jar:/Users/shailyjaiswal/.m2/repository/io/cucumber/cucumber-gherkin-messages/6.11.0/cucumber-gherkin-messages-6.11.0.jar:/Users/shailyjaiswal/.m2/repository/io/cucumber/messages/15.0.0/messages-15.0.0.jar:/Users/shailyjaiswal/.m2/repository/io/cucumber/tag-expressions/3.0.1/tag-expressions-3.0.1.jar:/Users/shailyjaiswal/.m2/repository/io/cucumber/cucumber-expressions/10.3.0/cucumber-expressions-10.3.0.jar:/Users/shailyjaiswal/.m2/repository/io/cucumber/datatable/3.5.0/datatable-3.5.0.jar:/Users/shailyjaiswal/.m2/repository/io/cucumber/cucumber-plugin/6.11.0/cucumber-plugin-6.11.0.jar:/Users/shailyjaiswal/.m2/repository/io/cucumber/docstring/6.11.0/docstring-6.11.0.jar:/Users/shailyjaiswal/.m2/repository/io/cucumber/html-formatter/13.0.0/html-formatter-13.0.0.jar:/Users/shailyjaiswal/.m2/repository/io/cucumber/create-meta/4.0.0/create-meta-4.0.0.jar:/Users/shailyjaiswal/.m2/repository/org/apiguardian/apiguardian-api/1.1.2/apiguardian-api-1.1.2.jar:/Users/shailyjaiswal/.m2/repository/io/github/bonigarcia/webdrivermanager/5.1.0/webdrivermanager-5.1.0.jar:/Users/shailyjaiswal/.m2/repository/org/slf4j/slf4j-api/1.7.36/slf4j-api-1.7.36.jar:/Users/shailyjaiswal/.m2/repository/com/github/docker-java/docker-java/3.2.13/docker-java-3.2.13.jar:/Users/shailyjaiswal/.m2/repository/com/github/docker-java/docker-java-core/3.2.13/docker-java-core-3.2.13.jar:/Users/shailyjaiswal/.m2/repository/com/github/docker-java/docker-java-api/3.2.13/docker-java-api-3.2.13.jar:/Users/shailyjaiswal/.m2/repository/com/fasterxml/jackson/core/jackson-annotations/2.10.3/jackson-annotations-2.10.3.jar:/Users/shailyjaiswal/.m2/repository/commons-io/commons-io/2.6/commons-io-2.6.jar:/Users/shailyjaiswal/.m2/repository/org/apache/commons/commons-compress/1.21/commons-compress-1.21.jar:/Users/shailyjaiswal/.m2/repository/com/fasterxml/jackson/core/jackson-databind/2.10.3/jackson-databind-2.10.3.jar:/Users/shailyjaiswal/.m2/repository/com/fasterxml/jackson/core/jackson-core/2.10.3/jackson-core-2.10.3.jar:/Users/shailyjaiswal/.m2/repository/org/bouncycastle/bcpkix-jdk15on/1.64/bcpkix-jdk15on-1.64.jar:/Users/shailyjaiswal/.m2/repository/org/bouncycastle/bcprov-jdk15on/1.64/bcprov-jdk15on-1.64.jar:/Users/shailyjaiswal/.m2/repository/org/slf4j/jcl-over-slf4j/1.7.30/jcl-over-slf4j-1.7.30.jar:/Users/shailyjaiswal/.m2/repository/com/github/docker-java/docker-java-transport-httpclient5/3.2.13/docker-java-transport-httpclient5-3.2.13.jar:/Users/shailyjaiswal/.m2/repository/com/github/docker-java/docker-java-transport/3.2.13/docker-java-transport-3.2.13.jar:/Users/shailyjaiswal/.m2/repository/org/apache/httpcomponents/client5/httpclient5/5.0.3/httpclient5-5.0.3.jar:/Users/shailyjaiswal/.m2/repository/org/apache/httpcomponents/core5/httpcore5/5.0.2/httpcore5-5.0.2.jar:/Users/shailyjaiswal/.m2/repository/net/java/dev/jna/jna/5.8.0/jna-5.8.0.jar:/Users/shailyjaiswal/.m2/repository/org/brotli/dec/0.1.2/dec-0.1.2.jar:/Users/shailyjaiswal/.m2/repository/org/apache/commons/commons-lang3/3.12.0/commons-lang3-3.12.0.jar:/Users/shailyjaiswal/.m2/repository/io/cucumber/cucumber-junit/6.11.0/cucumber-junit-6.11.0.jar:/Users/shailyjaiswal/.m2/repository/junit/junit/4.13.2/junit-4.13.2.jar:/Users/shailyjaiswal/.m2/repository/org/hamcrest/hamcrest-core/1.3/hamcrest-core-1.3.jar:/Users/shailyjaiswal/.m2/repository/org/testng/testng/7.6.1/testng-7.6.1.jar:/Users/shailyjaiswal/.m2/repository/com/google/code/findbugs/jsr305/3.0.2/jsr305-3.0.2.jar:/Users/shailyjaiswal/.m2/repository/com/beust/jcommander/1.82/jcommander-1.82.jar:/Users/shailyjaiswal/.m2/repository/org/webjars/jquery/3.6.0/jquery-3.6.0.jar:/Users/shailyjaiswal/.m2/repository/com/aventstack/extentreports/5.0.9/extentreports-5.0.9.jar:/Users/shailyjaiswal/.m2/repository/io/reactivex/rxjava3/rxjava/3.0.4/rxjava-3.0.4.jar:/Users/shailyjaiswal/.m2/repository/org/reactivestreams/reactive-streams/1.0.3/reactive-streams-1.0.3.jar:/Users/shailyjaiswal/.m2/repository/org/freemarker/freemarker/2.3.30/freemarker-2.3.30.jar:/Users/shailyjaiswal/.m2/repository/org/projectlombok/lombok/1.18.12/lombok-1.18.12.jar:/Users/shailyjaiswal/.m2/repository/tech/grasshopper/extentreports-cucumber6-adapter/2.9.0/extentreports-cucumber6-adapter-2.9.0.jar:/Users/shailyjaiswal/.m2/repository/tech/grasshopper/extent-pdf-report/1.7.4/extent-pdf-report-1.7.4.jar:/Users/shailyjaiswal/.m2/repository/tech/grasshopper/cucumber-pdf-report/2.2.4/cucumber-pdf-report-2.2.4.jar:/Users/shailyjaiswal/.m2/repository/org/apache/pdfbox/pdfbox/2.0.22/pdfbox-2.0.22.jar:/Users/shailyjaiswal/.m2/repository/org/apache/pdfbox/fontbox/2.0.22/fontbox-2.0.22.jar:/Users/shailyjaiswal/.m2/repository/org/knowm/xchart/xchart/3.8.0/xchart-3.8.0.jar:/Users/shailyjaiswal/.m2/repository/de/erichseifert/vectorgraphics2d/VectorGraphics2D/0.13/VectorGraphics2D-0.13.jar:/Users/shailyjaiswal/.m2/repository/de/rototor/pdfbox/graphics2d/0.30/graphics2d-0.30.jar:/Users/shailyjaiswal/.m2/repository/com/madgag/animated-gif-lib/1.4/animated-gif-lib-1.4.jar:/Users/shailyjaiswal/.m2/repository/org/yaml/snakeyaml/1.28/snakeyaml-1.28.jar:/Users/shailyjaiswal/.m2/repository/tech/grasshopper/table-layout/1.2.0/table-layout-1.2.0.jar:/Users/shailyjaiswal/.m2/repository/org/jsoup/jsoup/1.13.1/jsoup-1.13.1.jar:/Users/shailyjaiswal/.m2/repository/com/aventstack/klov-reporter/5.0.9/klov-reporter-5.0.9.jar:/Users/shailyjaiswal/.m2/repository/org/mongodb/bson/3.6.4/bson-3.6.4.jar:/Users/shailyjaiswal/.m2/repository/org/apache/httpcomponents/httpmime/4.5.13/httpmime-4.5.13.jar:/Users/shailyjaiswal/.m2/repository/tech/grasshopper/htmlextentreporter/1.0.0/htmlextentreporter-1.0.0.jar:/Users/shailyjaiswal/.m2/repository/org/mongodb/mongodb-driver/3.3.0/mongodb-driver-3.3.0.jar:/Users/shailyjaiswal/.m2/repository/org/mongodb/mongodb-driver-core/3.3.0/mongodb-driver-core-3.3.0.jar:/Users/shailyjaiswal/.m2/repository/io/cucumber/cucumber-testng/7.5.0/cucumber-testng-7.5.0.jar:/Users/shailyjaiswal/.m2/repository/org/apache/maven/surefire/surefire-testng-utils/2.22.0/surefire-testng-utils-2.22.0.jar:/Users/shailyjaiswal/.m2/repository/org/apache/maven/surefire/surefire-grouper/2.22.0/surefire-grouper-2.22.0.jar:"/>
    <property name="java.vm.vendor" value="Oracle Corporation"/>
    <property name="sun.arch.data.model" value="64"/>
    <property name="java.vendor.url" value="https://openjdk.java.net/"/>
    <property name="user.timezone" value=""/>
    <property name="java.vm.specification.version" value="11"/>
    <property name="os.name" value="Mac OS X"/>
    <property name="sun.java.launcher" value="SUN_STANDARD"/>
    <property name="user.country" value="US"/>
    <property name="sun.boot.library.path" value="/Library/Java/JavaVirtualMachines/jdk-11.0.10.jdk/Contents/Home/lib"/>
    <property name="sun.java.command" value="/Users/shailyjaiswal/Desktop/classWorkspace/HealthCareCucumberFrameworkFirst/target/surefire/surefirebooter10182985652633907733.jar /Users/shailyjaiswal/Desktop/classWorkspace/HealthCareCucumberFrameworkFirst/target/surefire 2022-09-14T20-23-01_631-jvmRun1 surefire11392971266249024401tmp surefire_015095638931514005659tmp"/>
    <property name="http.nonProxyHosts" value="local|*.local|169.254/16|*.169.254/16"/>
    <property name="jdk.debug" value="release"/>
    <property name="surefire.test.class.path" value="/Users/shailyjaiswal/Desktop/classWorkspace/HealthCareCucumberFrameworkFirst/target/test-classes:/Users/shailyjaiswal/Desktop/classWorkspace/HealthCareCucumberFrameworkFirst/target/classes:/Users/shailyjaiswal/.m2/repository/org/seleniumhq/selenium/selenium-java/3.12.0/selenium-java-3.12.0.jar:/Users/shailyjaiswal/.m2/repository/org/seleniumhq/selenium/selenium-api/3.12.0/selenium-api-3.12.0.jar:/Users/shailyjaiswal/.m2/repository/org/seleniumhq/selenium/selenium-chrome-driver/3.12.0/selenium-chrome-driver-3.12.0.jar:/Users/shailyjaiswal/.m2/repository/org/seleniumhq/selenium/selenium-edge-driver/3.12.0/selenium-edge-driver-3.12.0.jar:/Users/shailyjaiswal/.m2/repository/org/seleniumhq/selenium/selenium-firefox-driver/3.12.0/selenium-firefox-driver-3.12.0.jar:/Users/shailyjaiswal/.m2/repository/org/seleniumhq/selenium/selenium-ie-driver/3.12.0/selenium-ie-driver-3.12.0.jar:/Users/shailyjaiswal/.m2/repository/org/seleniumhq/selenium/selenium-opera-driver/3.12.0/selenium-opera-driver-3.12.0.jar:/Users/shailyjaiswal/.m2/repository/org/seleniumhq/selenium/selenium-remote-driver/3.12.0/selenium-remote-driver-3.12.0.jar:/Users/shailyjaiswal/.m2/repository/org/seleniumhq/selenium/selenium-safari-driver/3.12.0/selenium-safari-driver-3.12.0.jar:/Users/shailyjaiswal/.m2/repository/org/seleniumhq/selenium/selenium-support/3.12.0/selenium-support-3.12.0.jar:/Users/shailyjaiswal/.m2/repository/net/bytebuddy/byte-buddy/1.8.3/byte-buddy-1.8.3.jar:/Users/shailyjaiswal/.m2/repository/org/apache/commons/commons-exec/1.3/commons-exec-1.3.jar:/Users/shailyjaiswal/.m2/repository/commons-codec/commons-codec/1.10/commons-codec-1.10.jar:/Users/shailyjaiswal/.m2/repository/commons-logging/commons-logging/1.2/commons-logging-1.2.jar:/Users/shailyjaiswal/.m2/repository/com/google/code/gson/gson/2.8.2/gson-2.8.2.jar:/Users/shailyjaiswal/.m2/repository/com/google/guava/guava/23.6-jre/guava-23.6-jre.jar:/Users/shailyjaiswal/.m2/repository/org/checkerframework/checker-compat-qual/2.0.0/checker-compat-qual-2.0.0.jar:/Users/shailyjaiswal/.m2/repository/com/google/errorprone/error_prone_annotations/2.1.3/error_prone_annotations-2.1.3.jar:/Users/shailyjaiswal/.m2/repository/com/google/j2objc/j2objc-annotations/1.1/j2objc-annotations-1.1.jar:/Users/shailyjaiswal/.m2/repository/org/codehaus/mojo/animal-sniffer-annotations/1.14/animal-sniffer-annotations-1.14.jar:/Users/shailyjaiswal/.m2/repository/org/apache/httpcomponents/httpclient/4.5.3/httpclient-4.5.3.jar:/Users/shailyjaiswal/.m2/repository/org/apache/httpcomponents/httpcore/4.4.6/httpcore-4.4.6.jar:/Users/shailyjaiswal/.m2/repository/com/squareup/okhttp3/okhttp/3.9.1/okhttp-3.9.1.jar:/Users/shailyjaiswal/.m2/repository/com/squareup/okio/okio/1.13.0/okio-1.13.0.jar:/Users/shailyjaiswal/.m2/repository/io/cucumber/cucumber-java/6.11.0/cucumber-java-6.11.0.jar:/Users/shailyjaiswal/.m2/repository/io/cucumber/cucumber-core/6.11.0/cucumber-core-6.11.0.jar:/Users/shailyjaiswal/.m2/repository/io/cucumber/cucumber-gherkin/6.11.0/cucumber-gherkin-6.11.0.jar:/Users/shailyjaiswal/.m2/repository/io/cucumber/cucumber-gherkin-messages/6.11.0/cucumber-gherkin-messages-6.11.0.jar:/Users/shailyjaiswal/.m2/repository/io/cucumber/messages/15.0.0/messages-15.0.0.jar:/Users/shailyjaiswal/.m2/repository/io/cucumber/tag-expressions/3.0.1/tag-expressions-3.0.1.jar:/Users/shailyjaiswal/.m2/repository/io/cucumber/cucumber-expressions/10.3.0/cucumber-expressions-10.3.0.jar:/Users/shailyjaiswal/.m2/repository/io/cucumber/datatable/3.5.0/datatable-3.5.0.jar:/Users/shailyjaiswal/.m2/repository/io/cucumber/cucumber-plugin/6.11.0/cucumber-plugin-6.11.0.jar:/Users/shailyjaiswal/.m2/repository/io/cucumber/docstring/6.11.0/docstring-6.11.0.jar:/Users/shailyjaiswal/.m2/repository/io/cucumber/html-formatter/13.0.0/html-formatter-13.0.0.jar:/Users/shailyjaiswal/.m2/repository/io/cucumber/create-meta/4.0.0/create-meta-4.0.0.jar:/Users/shailyjaiswal/.m2/repository/org/apiguardian/apiguardian-api/1.1.2/apiguardian-api-1.1.2.jar:/Users/shailyjaiswal/.m2/repository/io/github/bonigarcia/webdrivermanager/5.1.0/webdrivermanager-5.1.0.jar:/Users/shailyjaiswal/.m2/repository/org/slf4j/slf4j-api/1.7.36/slf4j-api-1.7.36.jar:/Users/shailyjaiswal/.m2/repository/com/github/docker-java/docker-java/3.2.13/docker-java-3.2.13.jar:/Users/shailyjaiswal/.m2/repository/com/github/docker-java/docker-java-core/3.2.13/docker-java-core-3.2.13.jar:/Users/shailyjaiswal/.m2/repository/com/github/docker-java/docker-java-api/3.2.13/docker-java-api-3.2.13.jar:/Users/shailyjaiswal/.m2/repository/com/fasterxml/jackson/core/jackson-annotations/2.10.3/jackson-annotations-2.10.3.jar:/Users/shailyjaiswal/.m2/repository/commons-io/commons-io/2.6/commons-io-2.6.jar:/Users/shailyjaiswal/.m2/repository/org/apache/commons/commons-compress/1.21/commons-compress-1.21.jar:/Users/shailyjaiswal/.m2/repository/com/fasterxml/jackson/core/jackson-databind/2.10.3/jackson-databind-2.10.3.jar:/Users/shailyjaiswal/.m2/repository/com/fasterxml/jackson/core/jackson-core/2.10.3/jackson-core-2.10.3.jar:/Users/shailyjaiswal/.m2/repository/org/bouncycastle/bcpkix-jdk15on/1.64/bcpkix-jdk15on-1.64.jar:/Users/shailyjaiswal/.m2/repository/org/bouncycastle/bcprov-jdk15on/1.64/bcprov-jdk15on-1.64.jar:/Users/shailyjaiswal/.m2/repository/org/slf4j/jcl-over-slf4j/1.7.30/jcl-over-slf4j-1.7.30.jar:/Users/shailyjaiswal/.m2/repository/com/github/docker-java/docker-java-transport-httpclient5/3.2.13/docker-java-transport-httpclient5-3.2.13.jar:/Users/shailyjaiswal/.m2/repository/com/github/docker-java/docker-java-transport/3.2.13/docker-java-transport-3.2.13.jar:/Users/shailyjaiswal/.m2/repository/org/apache/httpcomponents/client5/httpclient5/5.0.3/httpclient5-5.0.3.jar:/Users/shailyjaiswal/.m2/repository/org/apache/httpcomponents/core5/httpcore5/5.0.2/httpcore5-5.0.2.jar:/Users/shailyjaiswal/.m2/repository/net/java/dev/jna/jna/5.8.0/jna-5.8.0.jar:/Users/shailyjaiswal/.m2/repository/org/brotli/dec/0.1.2/dec-0.1.2.jar:/Users/shailyjaiswal/.m2/repository/org/apache/commons/commons-lang3/3.12.0/commons-lang3-3.12.0.jar:/Users/shailyjaiswal/.m2/repository/io/cucumber/cucumber-junit/6.11.0/cucumber-junit-6.11.0.jar:/Users/shailyjaiswal/.m2/repository/junit/junit/4.13.2/junit-4.13.2.jar:/Users/shailyjaiswal/.m2/repository/org/hamcrest/hamcrest-core/1.3/hamcrest-core-1.3.jar:/Users/shailyjaiswal/.m2/repository/org/testng/testng/7.6.1/testng-7.6.1.jar:/Users/shailyjaiswal/.m2/repository/com/google/code/findbugs/jsr305/3.0.2/jsr305-3.0.2.jar:/Users/shailyjaiswal/.m2/repository/com/beust/jcommander/1.82/jcommander-1.82.jar:/Users/shailyjaiswal/.m2/repository/org/webjars/jquery/3.6.0/jquery-3.6.0.jar:/Users/shailyjaiswal/.m2/repository/com/aventstack/extentreports/5.0.9/extentreports-5.0.9.jar:/Users/shailyjaiswal/.m2/repository/io/reactivex/rxjava3/rxjava/3.0.4/rxjava-3.0.4.jar:/Users/shailyjaiswal/.m2/repository/org/reactivestreams/reactive-streams/1.0.3/reactive-streams-1.0.3.jar:/Users/shailyjaiswal/.m2/repository/org/freemarker/freemarker/2.3.30/freemarker-2.3.30.jar:/Users/shailyjaiswal/.m2/repository/org/projectlombok/lombok/1.18.12/lombok-1.18.12.jar:/Users/shailyjaiswal/.m2/repository/tech/grasshopper/extentreports-cucumber6-adapter/2.9.0/extentreports-cucumber6-adapter-2.9.0.jar:/Users/shailyjaiswal/.m2/repository/tech/grasshopper/extent-pdf-report/1.7.4/extent-pdf-report-1.7.4.jar:/Users/shailyjaiswal/.m2/repository/tech/grasshopper/cucumber-pdf-report/2.2.4/cucumber-pdf-report-2.2.4.jar:/Users/shailyjaiswal/.m2/repository/org/apache/pdfbox/pdfbox/2.0.22/pdfbox-2.0.22.jar:/Users/shailyjaiswal/.m2/repository/org/apache/pdfbox/fontbox/2.0.22/fontbox-2.0.22.jar:/Users/shailyjaiswal/.m2/repository/org/knowm/xchart/xchart/3.8.0/xchart-3.8.0.jar:/Users/shailyjaiswal/.m2/repository/de/erichseifert/vectorgraphics2d/VectorGraphics2D/0.13/VectorGraphics2D-0.13.jar:/Users/shailyjaiswal/.m2/repository/de/rototor/pdfbox/graphics2d/0.30/graphics2d-0.30.jar:/Users/shailyjaiswal/.m2/repository/com/madgag/animated-gif-lib/1.4/animated-gif-lib-1.4.jar:/Users/shailyjaiswal/.m2/repository/org/yaml/snakeyaml/1.28/snakeyaml-1.28.jar:/Users/shailyjaiswal/.m2/repository/tech/grasshopper/table-layout/1.2.0/table-layout-1.2.0.jar:/Users/shailyjaiswal/.m2/repository/org/jsoup/jsoup/1.13.1/jsoup-1.13.1.jar:/Users/shailyjaiswal/.m2/repository/com/aventstack/klov-reporter/5.0.9/klov-reporter-5.0.9.jar:/Users/shailyjaiswal/.m2/repository/org/mongodb/bson/3.6.4/bson-3.6.4.jar:/Users/shailyjaiswal/.m2/repository/org/apache/httpcomponents/httpmime/4.5.13/httpmime-4.5.13.jar:/Users/shailyjaiswal/.m2/repository/tech/grasshopper/htmlextentreporter/1.0.0/htmlextentreporter-1.0.0.jar:/Users/shailyjaiswal/.m2/repository/org/mongodb/mongodb-driver/3.3.0/mongodb-driver-3.3.0.jar:/Users/shailyjaiswal/.m2/repository/org/mongodb/mongodb-driver-core/3.3.0/mongodb-driver-core-3.3.0.jar:/Users/shailyjaiswal/.m2/repository/io/cucumber/cucumber-testng/7.5.0/cucumber-testng-7.5.0.jar:/Users/shailyjaiswal/.m2/repository/org/apache/maven/surefire/surefire-testng-utils/2.22.0/surefire-testng-utils-2.22.0.jar:/Users/shailyjaiswal/.m2/repository/org/apache/maven/surefire/surefire-grouper/2.22.0/surefire-grouper-2.22.0.jar:"/>
    <property name="sun.cpu.endian" value="little"/>
    <property name="user.home" value="/Users/shailyjaiswal"/>
    <property name="user.language" value="en"/>
    <property name="java.specification.vendor" value="Oracle Corporation"/>
    <property name="java.version.date" value="2021-01-19"/>
    <property name="java.home" value="/Library/Java/JavaVirtualMachines/jdk-11.0.10.jdk/Contents/Home"/>
    <property name="file.separator" value="/"/>
    <property name="basedir" value="/Users/shailyjaiswal/Desktop/classWorkspace/HealthCareCucumberFrameworkFirst"/>
    <property name="java.vm.compressedOopsMode" value="Zero based"/>
    <property name="line.separator" value="&#10;"/>
    <property name="java.specification.name" value="Java Platform API Specification"/>
    <property name="java.vm.specification.vendor" value="Oracle Corporation"/>
    <property name="java.awt.graphicsenv" value="sun.awt.CGraphicsEnvironment"/>
    <property name="surefire.real.class.path" value="/Users/shailyjaiswal/Desktop/classWorkspace/HealthCareCucumberFrameworkFirst/target/surefire/surefirebooter10182985652633907733.jar"/>
    <property name="sun.management.compiler" value="HotSpot 64-Bit Tiered Compilers"/>
    <property name="ftp.nonProxyHosts" value="local|*.local|169.254/16|*.169.254/16"/>
    <property name="java.runtime.version" value="11.0.10+8-LTS-162"/>
    <property name="user.name" value="shailyjaiswal"/>
    <property name="path.separator" value=":"/>
    <property name="os.version" value="10.16"/>
    <property name="java.runtime.name" value="Java(TM) SE Runtime Environment"/>
    <property name="file.encoding" value="UTF-8"/>
    <property name="java.vm.name" value="Java HotSpot(TM) 64-Bit Server VM"/>
    <property name="java.vendor.version" value="18.9"/>
    <property name="localRepository" value="/Users/shailyjaiswal/.m2/repository"/>
    <property name="java.vendor.url.bug" value="https://bugreport.java.com/bugreport/"/>
    <property name="java.io.tmpdir" value="/var/folders/8b/mf4fkx7d6yq6hmpm4dphzr140000gn/T/"/>
    <property name="java.version" value="11.0.10"/>
    <property name="user.dir" value="/Users/shailyjaiswal/Desktop/classWorkspace/HealthCareCucumberFrameworkFirst"/>
    <property name="os.arch" value="x86_64"/>
    <property name="java.vm.specification.name" value="Java Virtual Machine Specification"/>
    <property name="java.awt.printerjob" value="sun.lwawt.macosx.CPrinterJob"/>
    <property name="sun.os.patch.level" value="unknown"/>
    <property name="java.library.path" value="/Users/shailyjaiswal/Library/Java/Extensions:/Library/Java/Extensions:/Network/Library/Java/Extensions:/System/Library/Java/Extensions:/usr/lib/java:."/>
    <property name="java.vendor" value="Oracle Corporation"/>
    <property name="java.vm.info" value="mixed mode"/>
    <property name="java.vm.version" value="11.0.10+8-LTS-162"/>
    <property name="sun.io.unicode.encoding" value="UnicodeBig"/>
    <property name="java.class.version" value="55.0"/>
    <property name="socksNonProxyHosts" value="local|*.local|169.254/16|*.169.254/16"/>
  </properties>
</testsuite>